<?xml version="1.0" encoding="UTF-8"?>
<testsuite xmlns:xsi="http://www.w3.org/2001/XMLSchema-instance" xsi:noNamespaceSchemaLocation="https://maven.apache.org/surefire/maven-surefire-plugin/xsd/surefire-test-report.xsd" version="3.0.2" name="com.jasperreport.example.pdf.PdfApplicationTests" time="3.02" tests="1" errors="0" skipped="0" failures="0">
  <properties>
[...]
</properties>
  <testcase name="contextLoads" classname="com.jasperreport.example.pdf.PdfApplicationTests" time="0.69">
    <system-out><![CDATA[Standard Commons Logging discovery in action with spring-jcl: please remove commons-logging.jar from classpath in order to avoid potential conflicts
21:18:31.128 [main] INFO org.springframework.test.context.support.AnnotationConfigContextLoaderUtils -- Could not detect default configuration classes for test class [com.jasperreport.example.pdf.PdfApplicationTests]: PdfApplicationTests does not declare any static, non-private, non-final, nested classes annotated with @Configuration.
21:18:31.235 [main] INFO org.springframework.boot.test.context.SpringBootTestContextBootstrapper -- Found @SpringBootConfiguration com.jasperreport.example.pdf.PdfApplication for test class com.jasperreport.example.pdf.PdfApplicationTests

  .   ____          _            __ _ _
 /\\ / ___'_ __ _ _(_)_ __  __ _ \ \ \ \
( ( )\___ | '_ | '_| | '_ \/ _` | \ \ \ \
 \\/  ___)| |_)| | | | | || (_| |  ) ) ) )
  '  |____| .__|_| |_|_| |_\__, | / / / /
 =========|_|==============|___/=/_/_/_/

 :: Spring Boot ::                (v3.4.1)

2025-01-23T21:18:31.644-03:00  INFO 4488 --- [pdf] [           main] c.j.example.pdf.PdfApplicationTests      : Starting PdfApplicationTests using Java 23.0.1 with PID 4488 (started by bhenn in C:\Users\bhenn\workspace\pdf)
2025-01-23T21:18:31.646-03:00  INFO 4488 --- [pdf] [           main] c.j.example.pdf.PdfApplicationTests      : No active profile set, falling back to 1 default profile: "default"
2025-01-23T21:18:33.137-03:00  INFO 4488 --- [pdf] [           main] o.s.b.a.e.web.EndpointLinksResolver      : Exposing 1 endpoint beneath base path '/actuator'
2025-01-23T21:18:33.183-03:00  INFO 4488 --- [pdf] [           main] c.j.example.pdf.PdfApplicationTests      : Started PdfApplicationTests in 1.805 seconds (process running for 2.73)
]]></system-out>
    <system-err><![CDATA[Mockito is currently self-attaching to enable the inline-mock-maker. This will no longer work in future releases of the JDK. Please add Mockito as an agent to your build what is described in Mockito's documentation: https://javadoc.io/doc/org.mockito/mockito-core/latest/org/mockito/Mockito.html#0.3
WARNING: A Java agent has been loaded dynamically (C:\Users\bhenn\.m2\repository\net\bytebuddy\byte-buddy-agent\1.15.11\byte-buddy-agent-1.15.11.jar)
WARNING: If a serviceability tool is in use, please run with -XX:+EnableDynamicAgentLoading to hide this warning
WARNING: If a serviceability tool is not in use, please run with -Djdk.instrument.traceUsage for more information
WARNING: Dynamic loading of agents will be disallowed by default in a future release
]]></system-err>
  </testcase>
</testsuite>